[2017-01-21 19:13:32.792] [jointLog] [info] parsing read library format
[2017-01-21 19:13:32.792] [jointLog] [info] There is 1 library.
[2017-01-21 19:13:33.910] [jointLog] [info] Loading Quasi index
[2017-01-21 19:13:33.910] [jointLog] [info] Loading 32-bit quasi index
[2017-01-21 19:13:57.757] [jointLog] [info] done
[2017-01-21 19:13:57.757] [jointLog] [info] Index contained 668487 targets
[2017-01-21 19:30:52.074] [jointLog] [info] Computed 442027 rich equivalence classes for further processing
[2017-01-21 19:30:58.412] [fileLog] [info] 
At end of round 0
==================
Observed 19595533 total fragments (19595533 in most recent round)

[2017-01-21 19:30:52.074] [jointLog] [info] Counted 15993916 total reads in the equivalence classes 
[2017-01-21 19:31:01.508] [jointLog] [warning] 0.00039805% of fragments were shorter than the k used to build the index (31).
If this fraction is too large, consider re-building the index with a smaller k.
The minimum read size found was 25.


[2017-01-21 19:31:01.508] [jointLog] [info] Mapping rate = 81.6202%

[2017-01-21 19:31:01.508] [jointLog] [info] finished quantifyLibrary()
[2017-01-21 19:32:09.085] [jointLog] [info] Starting optimizer
[2017-01-21 19:32:16.627] [jointLog] [info] Marked 0 weighted equivalence classes as degenerate
[2017-01-21 19:32:16.645] [jointLog] [info] iteration = 0 | max rel diff. = 9.45299
[2017-01-21 19:32:18.548] [jointLog] [info] iteration = 100 | max rel diff. = 0.0983903
[2017-01-21 19:32:20.415] [jointLog] [info] iteration = 200 | max rel diff. = 0.0584206
[2017-01-21 19:32:22.294] [jointLog] [info] iteration = 300 | max rel diff. = 0.041252
[2017-01-21 19:32:24.162] [jointLog] [info] iteration = 400 | max rel diff. = 0.0526181
[2017-01-21 19:32:26.059] [jointLog] [info] iteration = 500 | max rel diff. = 0.0276846
[2017-01-21 19:32:27.932] [jointLog] [info] iteration = 600 | max rel diff. = 0.0275633
[2017-01-21 19:32:29.784] [jointLog] [info] iteration = 700 | max rel diff. = 0.020533
[2017-01-21 19:32:31.699] [jointLog] [info] iteration = 800 | max rel diff. = 0.0154265
[2017-01-21 19:32:33.610] [jointLog] [info] iteration = 900 | max rel diff. = 0.0153537
[2017-01-21 19:32:35.495] [jointLog] [info] iteration = 1000 | max rel diff. = 0.0112452
[2017-01-21 19:32:37.400] [jointLog] [info] iteration = 1100 | max rel diff. = 0.0106159
[2017-01-21 19:32:39.271] [jointLog] [info] iteration = 1200 | max rel diff. = 0.0106371
[2017-01-21 19:32:39.814] [jointLog] [info] iteration = 1229 | max rel diff. = 0.00932883
[2017-01-21 19:32:39.890] [jointLog] [info] Finished optimizer
[2017-01-21 19:32:39.890] [jointLog] [info] writing output 

[2017-01-23 02:04:56.516] [jointLog] [info] parsing read library format
[2017-01-23 02:04:56.516] [jointLog] [info] There is 1 library.
[2017-01-23 02:04:56.641] [jointLog] [info] Loading Quasi index
[2017-01-23 02:04:56.642] [jointLog] [info] Loading 32-bit quasi index
[2017-01-23 02:05:15.234] [jointLog] [info] done
[2017-01-23 02:05:15.234] [jointLog] [info] Index contained 668487 targets
[2017-01-23 02:31:28.496] [fileLog] [info] 
At end of round 0
==================
Observed 19595533 total fragments (19595533 in most recent round)

[2017-01-23 02:31:28.496] [jointLog] [info] Computed 442027 rich equivalence classes for further processing
[2017-01-23 02:31:28.496] [jointLog] [info] Counted 15993916 total reads in the equivalence classes 
[2017-01-23 02:31:28.539] [jointLog] [warning] 0.00039805% of fragments were shorter than the k used to build the index (31).
If this fraction is too large, consider re-building the index with a smaller k.
The minimum read size found was 25.


[2017-01-23 02:31:28.539] [jointLog] [info] Mapping rate = 81.6202%

[2017-01-23 02:31:28.539] [jointLog] [info] finished quantifyLibrary()
[2017-01-23 02:31:28.969] [jointLog] [info] Starting optimizer
[2017-01-23 02:31:29.408] [jointLog] [info] Marked 0 weighted equivalence classes as degenerate
[2017-01-23 02:31:29.426] [jointLog] [info] iteration = 0 | max rel diff. = 9.453
[2017-01-23 02:31:31.346] [jointLog] [info] iteration = 100 | max rel diff. = 0.0983513
[2017-01-23 02:31:33.280] [jointLog] [info] iteration = 200 | max rel diff. = 0.0545565
[2017-01-23 02:31:35.219] [jointLog] [info] iteration = 300 | max rel diff. = 0.0412511
[2017-01-23 02:31:37.119] [jointLog] [info] iteration = 400 | max rel diff. = 0.0543515
[2017-01-23 02:31:39.000] [jointLog] [info] iteration = 500 | max rel diff. = 0.0247047
[2017-01-23 02:31:40.890] [jointLog] [info] iteration = 600 | max rel diff. = 0.0232463
[2017-01-23 02:31:42.782] [jointLog] [info] iteration = 700 | max rel diff. = 0.0205358
[2017-01-23 02:31:44.679] [jointLog] [info] iteration = 800 | max rel diff. = 0.015893
[2017-01-23 02:31:46.570] [jointLog] [info] iteration = 900 | max rel diff. = 0.0131513
[2017-01-23 02:31:48.500] [jointLog] [info] iteration = 1000 | max rel diff. = 0.0112452
[2017-01-23 02:31:50.391] [jointLog] [info] iteration = 1100 | max rel diff. = 0.0106158
[2017-01-23 02:31:52.305] [jointLog] [info] iteration = 1200 | max rel diff. = 0.010637
[2017-01-23 02:31:52.830] [jointLog] [info] iteration = 1229 | max rel diff. = 0.0093208
[2017-01-23 02:31:52.907] [jointLog] [info] Finished optimizer
[2017-01-23 02:31:52.907] [jointLog] [info] writing output 

