[2017-01-21 20:31:34.443] [jointLog] [info] parsing read library format
[2017-01-21 20:31:34.443] [jointLog] [info] There is 1 library.
[2017-01-21 20:31:34.659] [jointLog] [info] Loading Quasi index
[2017-01-21 20:31:34.660] [jointLog] [info] Loading 32-bit quasi index
[2017-01-21 20:31:47.502] [jointLog] [info] done
[2017-01-21 20:31:47.502] [jointLog] [info] Index contained 416299 targets
[2017-01-21 20:35:37.614] [fileLog] [info] 
At end of round 0
==================
Observed 11989642 total fragments (11989642 in most recent round)

[2017-01-21 20:35:37.614] [jointLog] [info] Computed 317660 rich equivalence classes for further processing
[2017-01-21 20:35:37.614] [jointLog] [info] Counted 10309013 total reads in the equivalence classes 
[2017-01-21 20:35:37.730] [jointLog] [warning] 0.000575497% of fragments were shorter than the k used to build the index (31).
If this fraction is too large, consider re-building the index with a smaller k.
The minimum read size found was 25.


[2017-01-21 20:35:37.730] [jointLog] [info] Mapping rate = 85.9827%

[2017-01-21 20:35:37.730] [jointLog] [info] finished quantifyLibrary()
[2017-01-21 20:35:38.038] [jointLog] [info] Starting optimizer
[2017-01-21 20:35:38.400] [jointLog] [info] Marked 0 weighted equivalence classes as degenerate
[2017-01-21 20:35:38.411] [jointLog] [info] iteration = 0 | max rel diff. = 8.49906
[2017-01-21 20:35:39.847] [jointLog] [info] iteration = 100 | max rel diff. = 0.123853
[2017-01-21 20:35:41.306] [jointLog] [info] iteration = 200 | max rel diff. = 0.0761737
[2017-01-21 20:35:42.798] [jointLog] [info] iteration = 300 | max rel diff. = 0.0421997
[2017-01-21 20:35:44.314] [jointLog] [info] iteration = 400 | max rel diff. = 0.0341279
[2017-01-21 20:35:45.780] [jointLog] [info] iteration = 500 | max rel diff. = 0.0295287
[2017-01-21 20:35:47.243] [jointLog] [info] iteration = 600 | max rel diff. = 0.022298
[2017-01-21 20:35:48.700] [jointLog] [info] iteration = 700 | max rel diff. = 0.0191378
[2017-01-21 20:35:50.153] [jointLog] [info] iteration = 800 | max rel diff. = 0.0202861
[2017-01-21 20:35:51.640] [jointLog] [info] iteration = 900 | max rel diff. = 0.0237874
[2017-01-21 20:35:53.113] [jointLog] [info] iteration = 1000 | max rel diff. = 0.0143714
[2017-01-21 20:35:54.587] [jointLog] [info] iteration = 1100 | max rel diff. = 0.0127763
[2017-01-21 20:35:56.069] [jointLog] [info] iteration = 1200 | max rel diff. = 0.0119091
[2017-01-21 20:35:57.537] [jointLog] [info] iteration = 1300 | max rel diff. = 0.0109887
[2017-01-21 20:35:57.835] [jointLog] [info] iteration = 1320 | max rel diff. = 0.0096241
[2017-01-21 20:35:57.890] [jointLog] [info] Finished optimizer
[2017-01-21 20:35:57.890] [jointLog] [info] writing output 

[2017-01-23 02:56:02.206] [jointLog] [info] parsing read library format
[2017-01-23 02:56:02.206] [jointLog] [info] There is 1 library.
[2017-01-23 02:56:02.265] [jointLog] [info] Loading Quasi index
[2017-01-23 02:56:02.265] [jointLog] [info] Loading 32-bit quasi index
[2017-01-23 02:56:15.548] [jointLog] [info] done
[2017-01-23 02:56:15.548] [jointLog] [info] Index contained 416299 targets
[2017-01-23 02:59:40.895] [jointLog] [info] Computed 317660 rich equivalence classes for further processing
[2017-01-23 02:59:40.895] [jointLog] [info] Counted 10309013 total reads in the equivalence classes 
[2017-01-23 02:59:41.011] [jointLog] [warning] 0.000575497% of fragments were shorter than the k used to build the index (31).
If this fraction is too large, consider re-building the index with a smaller k.
The minimum read size found was 25.


[2017-01-23 02:59:41.011] [jointLog] [info] Mapping rate = 85.9827%

[2017-01-23 02:59:41.011] [jointLog] [info] finished quantifyLibrary()
[2017-01-23 02:59:40.895] [fileLog] [info] 
At end of round 0
==================
Observed 11989642 total fragments (11989642 in most recent round)

[2017-01-23 02:59:43.312] [jointLog] [info] Starting optimizer
[2017-01-23 02:59:43.556] [jointLog] [info] Marked 0 weighted equivalence classes as degenerate
[2017-01-23 02:59:43.567] [jointLog] [info] iteration = 0 | max rel diff. = 8.49909
[2017-01-23 02:59:44.989] [jointLog] [info] iteration = 100 | max rel diff. = 0.123877
[2017-01-23 02:59:46.421] [jointLog] [info] iteration = 200 | max rel diff. = 0.0766053
[2017-01-23 02:59:47.858] [jointLog] [info] iteration = 300 | max rel diff. = 0.0421932
[2017-01-23 02:59:49.306] [jointLog] [info] iteration = 400 | max rel diff. = 0.0346682
[2017-01-23 02:59:50.728] [jointLog] [info] iteration = 500 | max rel diff. = 0.0295698
[2017-01-23 02:59:52.138] [jointLog] [info] iteration = 600 | max rel diff. = 0.0222919
[2017-01-23 02:59:53.579] [jointLog] [info] iteration = 700 | max rel diff. = 0.0191331
[2017-01-23 02:59:55.021] [jointLog] [info] iteration = 800 | max rel diff. = 0.0203705
[2017-01-23 02:59:56.442] [jointLog] [info] iteration = 900 | max rel diff. = 0.0238169
[2017-01-23 02:59:57.855] [jointLog] [info] iteration = 1000 | max rel diff. = 0.0143678
[2017-01-23 02:59:59.296] [jointLog] [info] iteration = 1100 | max rel diff. = 0.0127732
[2017-01-23 03:00:00.738] [jointLog] [info] iteration = 1200 | max rel diff. = 0.0116715
[2017-01-23 03:00:02.157] [jointLog] [info] iteration = 1300 | max rel diff. = 0.0109762
[2017-01-23 03:00:02.455] [jointLog] [info] iteration = 1322 | max rel diff. = 0.00952514
[2017-01-23 03:00:02.506] [jointLog] [info] Finished optimizer
[2017-01-23 03:00:02.506] [jointLog] [info] writing output 

