[2017-01-21 20:45:37.902] [jointLog] [info] parsing read library format
[2017-01-21 20:45:37.902] [jointLog] [info] There is 1 library.
[2017-01-21 20:45:37.958] [jointLog] [info] Loading Quasi index
[2017-01-21 20:45:37.959] [jointLog] [info] Loading 32-bit quasi index
[2017-01-21 20:45:49.942] [jointLog] [info] done
[2017-01-21 20:45:49.942] [jointLog] [info] Index contained 385476 targets
[2017-01-21 20:48:32.747] [fileLog] [info] 
At end of round 0
==================
Observed 11530569 total fragments (11530569 in most recent round)

[2017-01-21 20:48:32.746] [jointLog] [info] Computed 330247 rich equivalence classes for further processing
[2017-01-21 20:48:32.746] [jointLog] [info] Counted 9387252 total reads in the equivalence classes 
[2017-01-21 20:48:32.763] [jointLog] [warning] 0.00190797% of fragments were shorter than the k used to build the index (31).
If this fraction is too large, consider re-building the index with a smaller k.
The minimum read size found was 25.


[2017-01-21 20:48:32.763] [jointLog] [info] Mapping rate = 81.4119%

[2017-01-21 20:48:32.763] [jointLog] [info] finished quantifyLibrary()
[2017-01-21 20:48:33.037] [jointLog] [info] Starting optimizer
[2017-01-21 20:48:33.351] [jointLog] [info] Marked 0 weighted equivalence classes as degenerate
[2017-01-21 20:48:33.360] [jointLog] [info] iteration = 0 | max rel diff. = 11.2695
[2017-01-21 20:48:34.631] [jointLog] [info] iteration = 100 | max rel diff. = 0.0936046
[2017-01-21 20:48:35.906] [jointLog] [info] iteration = 200 | max rel diff. = 0.0610189
[2017-01-21 20:48:37.179] [jointLog] [info] iteration = 300 | max rel diff. = 0.0350855
[2017-01-21 20:48:38.463] [jointLog] [info] iteration = 400 | max rel diff. = 0.0304426
[2017-01-21 20:48:39.735] [jointLog] [info] iteration = 500 | max rel diff. = 0.025996
[2017-01-21 20:48:41.006] [jointLog] [info] iteration = 600 | max rel diff. = 0.0160693
[2017-01-21 20:48:42.306] [jointLog] [info] iteration = 700 | max rel diff. = 0.0151501
[2017-01-21 20:48:43.598] [jointLog] [info] iteration = 800 | max rel diff. = 0.0131304
[2017-01-21 20:48:44.864] [jointLog] [info] iteration = 900 | max rel diff. = 0.0129705
[2017-01-21 20:48:46.140] [jointLog] [info] iteration = 1000 | max rel diff. = 0.0129705
[2017-01-21 20:48:46.774] [jointLog] [info] iteration = 1051 | max rel diff. = 0.00980101
[2017-01-21 20:48:46.818] [jointLog] [info] Finished optimizer
[2017-01-21 20:48:46.818] [jointLog] [info] writing output 

[2017-01-23 02:52:40.129] [jointLog] [info] parsing read library format
[2017-01-23 02:52:40.129] [jointLog] [info] There is 1 library.
[2017-01-23 02:52:40.186] [jointLog] [info] Loading Quasi index
[2017-01-23 02:52:40.187] [jointLog] [info] Loading 32-bit quasi index
[2017-01-23 02:52:52.250] [jointLog] [info] done
[2017-01-23 02:52:52.250] [jointLog] [info] Index contained 385476 targets
[2017-01-23 02:55:53.194] [jointLog] [info] Computed 330247 rich equivalence classes for further processing
[2017-01-23 02:55:53.194] [jointLog] [info] Counted 9387252 total reads in the equivalence classes 
[2017-01-23 02:55:53.210] [jointLog] [warning] 0.00190797% of fragments were shorter than the k used to build the index (31).
If this fraction is too large, consider re-building the index with a smaller k.
The minimum read size found was 25.


[2017-01-23 02:55:53.210] [jointLog] [info] Mapping rate = 81.4119%

[2017-01-23 02:55:53.210] [jointLog] [info] finished quantifyLibrary()
[2017-01-23 02:55:53.195] [fileLog] [info] 
At end of round 0
==================
Observed 11530569 total fragments (11530569 in most recent round)

[2017-01-23 02:55:53.621] [jointLog] [info] Starting optimizer
[2017-01-23 02:55:53.857] [jointLog] [info] Marked 0 weighted equivalence classes as degenerate
[2017-01-23 02:55:53.868] [jointLog] [info] iteration = 0 | max rel diff. = 11.2695
[2017-01-23 02:55:55.192] [jointLog] [info] iteration = 100 | max rel diff. = 0.0936157
[2017-01-23 02:55:56.515] [jointLog] [info] iteration = 200 | max rel diff. = 0.0609848
[2017-01-23 02:55:57.861] [jointLog] [info] iteration = 300 | max rel diff. = 0.0350982
[2017-01-23 02:55:59.212] [jointLog] [info] iteration = 400 | max rel diff. = 0.0304454
[2017-01-23 02:56:00.575] [jointLog] [info] iteration = 500 | max rel diff. = 0.0260031
[2017-01-23 02:56:01.945] [jointLog] [info] iteration = 600 | max rel diff. = 0.0160702
[2017-01-23 02:56:03.269] [jointLog] [info] iteration = 700 | max rel diff. = 0.0151008
[2017-01-23 02:56:04.595] [jointLog] [info] iteration = 800 | max rel diff. = 0.0131315
[2017-01-23 02:56:05.933] [jointLog] [info] iteration = 900 | max rel diff. = 0.012972
[2017-01-23 02:56:07.280] [jointLog] [info] iteration = 1000 | max rel diff. = 0.012972
[2017-01-23 02:56:07.754] [jointLog] [info] iteration = 1036 | max rel diff. = 0.0098212
[2017-01-23 02:56:07.799] [jointLog] [info] Finished optimizer
[2017-01-23 02:56:07.799] [jointLog] [info] writing output 

