[2017-01-23 03:16:54.687] [jointLog] [info] parsing read library format
[2017-01-23 03:16:54.687] [jointLog] [info] There is 1 library.
[2017-01-23 03:16:54.747] [jointLog] [info] Loading Quasi index
[2017-01-23 03:16:54.747] [jointLog] [info] Loading 32-bit quasi index
[2017-01-23 03:17:08.758] [jointLog] [info] done
[2017-01-23 03:17:08.758] [jointLog] [info] Index contained 592419 targets
[2017-01-23 03:24:49.136] [fileLog] [info] 
At end of round 0
==================
Observed 45646643 total fragments (45646643 in most recent round)

[2017-01-23 03:24:49.135] [jointLog] [info] Computed 625049 rich equivalence classes for further processing
[2017-01-23 03:24:49.135] [jointLog] [info] Counted 36067740 total reads in the equivalence classes 
[2017-01-23 03:24:49.192] [jointLog] [warning] 0.000273843% of fragments were shorter than the k used to build the index (31).
If this fraction is too large, consider re-building the index with a smaller k.
The minimum read size found was 25.


[2017-01-23 03:24:49.192] [jointLog] [info] Mapping rate = 79.0151%

[2017-01-23 03:24:49.192] [jointLog] [info] finished quantifyLibrary()
[2017-01-23 03:24:49.668] [jointLog] [info] Starting optimizer
[2017-01-23 03:24:50.070] [jointLog] [info] Marked 0 weighted equivalence classes as degenerate
[2017-01-23 03:24:50.088] [jointLog] [info] iteration = 0 | max rel diff. = 18.5855
[2017-01-23 03:24:52.403] [jointLog] [info] iteration = 100 | max rel diff. = 0.0937233
[2017-01-23 03:24:54.674] [jointLog] [info] iteration = 200 | max rel diff. = 0.0586729
[2017-01-23 03:24:56.922] [jointLog] [info] iteration = 300 | max rel diff. = 0.0650728
[2017-01-23 03:24:59.160] [jointLog] [info] iteration = 400 | max rel diff. = 0.0334765
[2017-01-23 03:25:01.406] [jointLog] [info] iteration = 500 | max rel diff. = 0.0233682
[2017-01-23 03:25:03.654] [jointLog] [info] iteration = 600 | max rel diff. = 0.0197234
[2017-01-23 03:25:05.883] [jointLog] [info] iteration = 700 | max rel diff. = 0.0283828
[2017-01-23 03:25:08.149] [jointLog] [info] iteration = 800 | max rel diff. = 0.0156182
[2017-01-23 03:25:10.383] [jointLog] [info] iteration = 900 | max rel diff. = 0.0136161
[2017-01-23 03:25:12.622] [jointLog] [info] iteration = 1000 | max rel diff. = 0.0136572
[2017-01-23 03:25:14.881] [jointLog] [info] iteration = 1100 | max rel diff. = 0.0127041
[2017-01-23 03:25:17.137] [jointLog] [info] iteration = 1200 | max rel diff. = 0.0115492
[2017-01-23 03:25:19.399] [jointLog] [info] iteration = 1300 | max rel diff. = 0.0115492
[2017-01-23 03:25:21.323] [jointLog] [info] iteration = 1386 | max rel diff. = 0.00916914
[2017-01-23 03:25:21.395] [jointLog] [info] Finished optimizer
[2017-01-23 03:25:21.395] [jointLog] [info] writing output 

