[2017-01-21 20:55:50.032] [jointLog] [info] parsing read library format
[2017-01-21 20:55:50.032] [jointLog] [info] There is 1 library.
[2017-01-21 20:55:50.099] [jointLog] [info] Loading Quasi index
[2017-01-21 20:55:50.100] [jointLog] [info] Loading 32-bit quasi index
[2017-01-21 20:56:05.692] [jointLog] [info] done
[2017-01-21 20:56:05.692] [jointLog] [info] Index contained 809060 targets
[2017-01-21 20:59:26.635] [fileLog] [info] 
At end of round 0
==================
Observed 23483767 total fragments (23483767 in most recent round)

[2017-01-21 20:59:26.634] [jointLog] [info] Computed 571800 rich equivalence classes for further processing
[2017-01-21 20:59:26.634] [jointLog] [info] Counted 18348770 total reads in the equivalence classes 
[2017-01-21 20:59:26.731] [jointLog] [warning] 0.000915526% of fragments were shorter than the k used to build the index (31).
If this fraction is too large, consider re-building the index with a smaller k.
The minimum read size found was 25.


[2017-01-21 20:59:26.731] [jointLog] [info] Mapping rate = 78.1338%

[2017-01-21 20:59:26.731] [jointLog] [info] finished quantifyLibrary()
[2017-01-21 20:59:27.224] [jointLog] [info] Starting optimizer
[2017-01-21 20:59:30.454] [jointLog] [info] Marked 0 weighted equivalence classes as degenerate
[2017-01-21 20:59:30.474] [jointLog] [info] iteration = 0 | max rel diff. = 8.58423
[2017-01-21 20:59:33.029] [jointLog] [info] iteration = 100 | max rel diff. = 0.159356
[2017-01-21 20:59:35.682] [jointLog] [info] iteration = 200 | max rel diff. = 0.0560051
[2017-01-21 20:59:38.264] [jointLog] [info] iteration = 300 | max rel diff. = 0.0525002
[2017-01-21 20:59:40.865] [jointLog] [info] iteration = 400 | max rel diff. = 0.0337077
[2017-01-21 20:59:43.430] [jointLog] [info] iteration = 500 | max rel diff. = 0.0236522
[2017-01-21 20:59:46.067] [jointLog] [info] iteration = 600 | max rel diff. = 0.0193493
[2017-01-21 20:59:48.675] [jointLog] [info] iteration = 700 | max rel diff. = 0.0167638
[2017-01-21 20:59:51.266] [jointLog] [info] iteration = 800 | max rel diff. = 0.0152047
[2017-01-21 20:59:53.847] [jointLog] [info] iteration = 900 | max rel diff. = 0.0145867
[2017-01-21 20:59:56.465] [jointLog] [info] iteration = 1000 | max rel diff. = 0.0125625
[2017-01-21 20:59:59.061] [jointLog] [info] iteration = 1100 | max rel diff. = 0.0124206
[2017-01-21 21:00:01.648] [jointLog] [info] iteration = 1200 | max rel diff. = 0.0103975
[2017-01-21 21:00:03.782] [jointLog] [info] iteration = 1284 | max rel diff. = 0.00936247
[2017-01-21 21:00:03.882] [jointLog] [info] Finished optimizer
[2017-01-21 21:00:03.882] [jointLog] [info] writing output 

[2017-01-23 03:25:27.969] [jointLog] [info] parsing read library format
[2017-01-23 03:25:27.969] [jointLog] [info] There is 1 library.
[2017-01-23 03:25:28.030] [jointLog] [info] Loading Quasi index
[2017-01-23 03:25:28.030] [jointLog] [info] Loading 32-bit quasi index
[2017-01-23 03:25:43.982] [jointLog] [info] done
[2017-01-23 03:25:43.982] [jointLog] [info] Index contained 809060 targets
[2017-01-23 03:29:08.042] [fileLog] [info] 
At end of round 0
==================
Observed 23483767 total fragments (23483767 in most recent round)

[2017-01-23 03:29:08.041] [jointLog] [info] Computed 571800 rich equivalence classes for further processing
[2017-01-23 03:29:08.041] [jointLog] [info] Counted 18348770 total reads in the equivalence classes 
[2017-01-23 03:29:08.146] [jointLog] [warning] 0.000915526% of fragments were shorter than the k used to build the index (31).
If this fraction is too large, consider re-building the index with a smaller k.
The minimum read size found was 25.


[2017-01-23 03:29:08.146] [jointLog] [info] Mapping rate = 78.1338%

[2017-01-23 03:29:08.146] [jointLog] [info] finished quantifyLibrary()
[2017-01-23 03:29:08.657] [jointLog] [info] Starting optimizer
[2017-01-23 03:29:09.115] [jointLog] [info] Marked 0 weighted equivalence classes as degenerate
[2017-01-23 03:29:09.134] [jointLog] [info] iteration = 0 | max rel diff. = 8.58428
[2017-01-23 03:29:11.590] [jointLog] [info] iteration = 100 | max rel diff. = 0.160237
[2017-01-23 03:29:14.113] [jointLog] [info] iteration = 200 | max rel diff. = 0.0525647
[2017-01-23 03:29:16.598] [jointLog] [info] iteration = 300 | max rel diff. = 0.0561247
[2017-01-23 03:29:19.065] [jointLog] [info] iteration = 400 | max rel diff. = 0.0333043
[2017-01-23 03:29:21.561] [jointLog] [info] iteration = 500 | max rel diff. = 0.0236836
[2017-01-23 03:29:24.009] [jointLog] [info] iteration = 600 | max rel diff. = 0.0193464
[2017-01-23 03:29:26.454] [jointLog] [info] iteration = 700 | max rel diff. = 0.0167563
[2017-01-23 03:29:28.900] [jointLog] [info] iteration = 800 | max rel diff. = 0.0152037
[2017-01-23 03:29:31.350] [jointLog] [info] iteration = 900 | max rel diff. = 0.0145849
[2017-01-23 03:29:33.820] [jointLog] [info] iteration = 1000 | max rel diff. = 0.012561
[2017-01-23 03:29:36.253] [jointLog] [info] iteration = 1100 | max rel diff. = 0.0124077
[2017-01-23 03:29:38.730] [jointLog] [info] iteration = 1200 | max rel diff. = 0.0103921
[2017-01-23 03:29:40.745] [jointLog] [info] iteration = 1284 | max rel diff. = 0.00935184
[2017-01-23 03:29:40.849] [jointLog] [info] Finished optimizer
[2017-01-23 03:29:40.849] [jointLog] [info] writing output 

