[2017-01-21 20:05:53.482] [jointLog] [info] parsing read library format
[2017-01-21 20:05:53.482] [jointLog] [info] There is 1 library.
[2017-01-21 20:05:53.552] [jointLog] [info] Loading Quasi index
[2017-01-21 20:05:53.553] [jointLog] [info] Loading 32-bit quasi index
[2017-01-21 20:06:09.098] [jointLog] [info] done
[2017-01-21 20:06:09.098] [jointLog] [info] Index contained 409543 targets
[2017-01-21 20:09:27.646] [jointLog] [info] Computed 315555 rich equivalence classes for further processing
[2017-01-21 20:09:27.646] [fileLog] [info] 
At end of round 0
==================
Observed 10751143 total fragments (10751143 in most recent round)

[2017-01-21 20:09:27.646] [jointLog] [info] Counted 8664766 total reads in the equivalence classes 
[2017-01-21 20:09:27.662] [jointLog] [warning] 0.00125568% of fragments were shorter than the k used to build the index (31).
If this fraction is too large, consider re-building the index with a smaller k.
The minimum read size found was 25.


[2017-01-21 20:09:27.662] [jointLog] [info] Mapping rate = 80.5939%

[2017-01-21 20:09:27.662] [jointLog] [info] finished quantifyLibrary()
[2017-01-21 20:09:28.004] [jointLog] [info] Starting optimizer
[2017-01-21 20:09:28.331] [jointLog] [info] Marked 0 weighted equivalence classes as degenerate
[2017-01-21 20:09:28.341] [jointLog] [info] iteration = 0 | max rel diff. = 9.39256
[2017-01-21 20:09:29.628] [jointLog] [info] iteration = 100 | max rel diff. = 0.173862
[2017-01-21 20:09:30.959] [jointLog] [info] iteration = 200 | max rel diff. = 0.069026
[2017-01-21 20:09:32.291] [jointLog] [info] iteration = 300 | max rel diff. = 0.034571
[2017-01-21 20:09:33.599] [jointLog] [info] iteration = 400 | max rel diff. = 0.0295503
[2017-01-21 20:09:34.894] [jointLog] [info] iteration = 500 | max rel diff. = 0.0253039
[2017-01-21 20:09:36.207] [jointLog] [info] iteration = 600 | max rel diff. = 0.0181816
[2017-01-21 20:09:37.549] [jointLog] [info] iteration = 700 | max rel diff. = 0.0163917
[2017-01-21 20:09:38.880] [jointLog] [info] iteration = 800 | max rel diff. = 0.0149095
[2017-01-21 20:09:40.196] [jointLog] [info] iteration = 900 | max rel diff. = 0.0120025
[2017-01-21 20:09:41.604] [jointLog] [info] iteration = 1000 | max rel diff. = 0.0106881
[2017-01-21 20:09:41.826] [jointLog] [info] iteration = 1018 | max rel diff. = 0.00984099
[2017-01-21 20:09:41.877] [jointLog] [info] Finished optimizer
[2017-01-21 20:09:41.877] [jointLog] [info] writing output 

[2017-01-23 02:41:20.465] [jointLog] [info] parsing read library format
[2017-01-23 02:41:20.465] [jointLog] [info] There is 1 library.
[2017-01-23 02:41:20.644] [jointLog] [info] Loading Quasi index
[2017-01-23 02:41:20.668] [jointLog] [info] Loading 32-bit quasi index
[2017-01-23 02:41:33.529] [jointLog] [info] done
[2017-01-23 02:41:33.529] [jointLog] [info] Index contained 409543 targets
[2017-01-23 02:46:11.224] [jointLog] [info] Computed 315555 rich equivalence classes for further processing
[2017-01-23 02:46:11.224] [jointLog] [info] Counted 8664766 total reads in the equivalence classes 
[2017-01-23 02:46:11.240] [jointLog] [warning] 0.00125568% of fragments were shorter than the k used to build the index (31).
If this fraction is too large, consider re-building the index with a smaller k.
The minimum read size found was 25.


[2017-01-23 02:46:11.240] [jointLog] [info] Mapping rate = 80.5939%

[2017-01-23 02:46:11.240] [jointLog] [info] finished quantifyLibrary()
[2017-01-23 02:46:11.225] [fileLog] [info] 
At end of round 0
==================
Observed 10751143 total fragments (10751143 in most recent round)

[2017-01-23 02:46:11.639] [jointLog] [info] Starting optimizer
[2017-01-23 02:46:12.063] [jointLog] [info] Marked 0 weighted equivalence classes as degenerate
[2017-01-23 02:46:12.073] [jointLog] [info] iteration = 0 | max rel diff. = 9.39258
[2017-01-23 02:46:13.428] [jointLog] [info] iteration = 100 | max rel diff. = 0.179365
[2017-01-23 02:46:14.786] [jointLog] [info] iteration = 200 | max rel diff. = 0.0689193
[2017-01-23 02:46:16.287] [jointLog] [info] iteration = 300 | max rel diff. = 0.034568
[2017-01-23 02:46:17.660] [jointLog] [info] iteration = 400 | max rel diff. = 0.0296492
[2017-01-23 02:46:18.991] [jointLog] [info] iteration = 500 | max rel diff. = 0.0253025
[2017-01-23 02:46:20.344] [jointLog] [info] iteration = 600 | max rel diff. = 0.0181804
[2017-01-23 02:46:21.692] [jointLog] [info] iteration = 700 | max rel diff. = 0.0163816
[2017-01-23 02:46:23.031] [jointLog] [info] iteration = 800 | max rel diff. = 0.0149434
[2017-01-23 02:46:24.371] [jointLog] [info] iteration = 900 | max rel diff. = 0.0120018
[2017-01-23 02:46:25.704] [jointLog] [info] iteration = 1000 | max rel diff. = 0.0106878
[2017-01-23 02:46:25.931] [jointLog] [info] iteration = 1018 | max rel diff. = 0.00988248
[2017-01-23 02:46:25.995] [jointLog] [info] Finished optimizer
[2017-01-23 02:46:25.995] [jointLog] [info] writing output 

