[2017-01-23 02:43:05.498] [jointLog] [info] parsing read library format
[2017-01-23 02:43:05.498] [jointLog] [info] There is 1 library.
[2017-01-23 02:43:05.608] [jointLog] [info] Loading Quasi index
[2017-01-23 02:43:05.608] [jointLog] [info] Loading 32-bit quasi index
[2017-01-23 02:43:20.945] [jointLog] [info] done
[2017-01-23 02:43:20.945] [jointLog] [info] Index contained 405866 targets
[2017-01-23 02:56:48.986] [jointLog] [info] Computed 424366 rich equivalence classes for further processing
[2017-01-23 02:56:48.986] [jointLog] [info] Counted 30735323 total reads in the equivalence classes 
[2017-01-23 02:56:49.077] [jointLog] [warning] 0.00066942% of fragments were shorter than the k used to build the index (31).
If this fraction is too large, consider re-building the index with a smaller k.
The minimum read size found was 25.


[2017-01-23 02:56:49.077] [jointLog] [info] Mapping rate = 84.3231%

[2017-01-23 02:56:49.077] [jointLog] [info] finished quantifyLibrary()
[2017-01-23 02:56:48.987] [fileLog] [info] 
At end of round 0
==================
Observed 36449488 total fragments (36449488 in most recent round)

[2017-01-23 02:56:49.488] [jointLog] [info] Starting optimizer
[2017-01-23 02:56:49.751] [jointLog] [info] Marked 0 weighted equivalence classes as degenerate
[2017-01-23 02:56:49.763] [jointLog] [info] iteration = 0 | max rel diff. = 22.9084
[2017-01-23 02:56:51.303] [jointLog] [info] iteration = 100 | max rel diff. = 0.118396
[2017-01-23 02:56:52.872] [jointLog] [info] iteration = 200 | max rel diff. = 0.0596089
[2017-01-23 02:56:54.430] [jointLog] [info] iteration = 300 | max rel diff. = 0.0462818
[2017-01-23 02:56:56.005] [jointLog] [info] iteration = 400 | max rel diff. = 0.0381857
[2017-01-23 02:56:57.630] [jointLog] [info] iteration = 500 | max rel diff. = 0.0278208
[2017-01-23 02:56:59.234] [jointLog] [info] iteration = 600 | max rel diff. = 0.0243609
[2017-01-23 02:57:00.806] [jointLog] [info] iteration = 700 | max rel diff. = 0.0237779
[2017-01-23 02:57:02.384] [jointLog] [info] iteration = 800 | max rel diff. = 0.0180167
[2017-01-23 02:57:03.938] [jointLog] [info] iteration = 900 | max rel diff. = 0.0175768
[2017-01-23 02:57:05.531] [jointLog] [info] iteration = 1000 | max rel diff. = 0.0179539
[2017-01-23 02:57:07.052] [jointLog] [info] iteration = 1100 | max rel diff. = 0.0128738
[2017-01-23 02:57:08.602] [jointLog] [info] iteration = 1200 | max rel diff. = 0.0116663
[2017-01-23 02:57:10.163] [jointLog] [info] iteration = 1300 | max rel diff. = 0.011503
[2017-01-23 02:57:11.742] [jointLog] [info] iteration = 1400 | max rel diff. = 0.0117335
[2017-01-23 02:57:13.339] [jointLog] [info] iteration = 1500 | max rel diff. = 0.0130248
[2017-01-23 02:57:14.955] [jointLog] [info] iteration = 1600 | max rel diff. = 0.0137592
[2017-01-23 02:57:15.766] [jointLog] [info] iteration = 1653 | max rel diff. = 0.00885232
[2017-01-23 02:57:15.812] [jointLog] [info] Finished optimizer
[2017-01-23 02:57:15.812] [jointLog] [info] writing output 

