[2017-01-21 20:09:39.910] [jointLog] [info] parsing read library format
[2017-01-21 20:09:39.911] [jointLog] [info] There is 1 library.
[2017-01-21 20:09:40.110] [jointLog] [info] Loading Quasi index
[2017-01-21 20:09:40.110] [jointLog] [info] Loading 32-bit quasi index
[2017-01-21 20:09:52.598] [jointLog] [info] done
[2017-01-21 20:09:52.598] [jointLog] [info] Index contained 362783 targets
[2017-01-21 20:20:05.409] [fileLog] [info] 
At end of round 0
==================
Observed 19119482 total fragments (19119482 in most recent round)

[2017-01-21 20:20:05.408] [jointLog] [info] Computed 360899 rich equivalence classes for further processing
[2017-01-21 20:20:05.408] [jointLog] [info] Counted 16302430 total reads in the equivalence classes 
[2017-01-21 20:20:05.440] [jointLog] [warning] 0.000465494% of fragments were shorter than the k used to build the index (31).
If this fraction is too large, consider re-building the index with a smaller k.
The minimum read size found was 25.


[2017-01-21 20:20:05.440] [jointLog] [info] Mapping rate = 85.2661%

[2017-01-21 20:20:05.440] [jointLog] [info] finished quantifyLibrary()
[2017-01-21 20:20:05.932] [jointLog] [info] Starting optimizer
[2017-01-21 20:20:06.176] [jointLog] [info] Marked 0 weighted equivalence classes as degenerate
[2017-01-21 20:20:06.187] [jointLog] [info] iteration = 0 | max rel diff. = 15.6471
[2017-01-21 20:20:07.499] [jointLog] [info] iteration = 100 | max rel diff. = 0.109442
[2017-01-21 20:20:08.810] [jointLog] [info] iteration = 200 | max rel diff. = 0.110606
[2017-01-21 20:20:10.141] [jointLog] [info] iteration = 300 | max rel diff. = 0.0409911
[2017-01-21 20:20:11.479] [jointLog] [info] iteration = 400 | max rel diff. = 0.0285765
[2017-01-21 20:20:12.795] [jointLog] [info] iteration = 500 | max rel diff. = 0.0254936
[2017-01-21 20:20:14.114] [jointLog] [info] iteration = 600 | max rel diff. = 0.0198069
[2017-01-21 20:20:15.453] [jointLog] [info] iteration = 700 | max rel diff. = 0.0225089
[2017-01-21 20:20:16.782] [jointLog] [info] iteration = 800 | max rel diff. = 0.0172337
[2017-01-21 20:20:18.100] [jointLog] [info] iteration = 900 | max rel diff. = 0.0132729
[2017-01-21 20:20:19.426] [jointLog] [info] iteration = 1000 | max rel diff. = 0.0132729
[2017-01-21 20:20:20.766] [jointLog] [info] iteration = 1100 | max rel diff. = 0.0139267
[2017-01-21 20:20:22.084] [jointLog] [info] iteration = 1200 | max rel diff. = 0.0101085
[2017-01-21 20:20:23.414] [jointLog] [info] iteration = 1300 | max rel diff. = 0.0106345
[2017-01-21 20:20:24.726] [jointLog] [info] iteration = 1400 | max rel diff. = 0.0100333
[2017-01-21 20:20:24.753] [jointLog] [info] iteration = 1403 | max rel diff. = 0.00856322
[2017-01-21 20:20:24.794] [jointLog] [info] Finished optimizer
[2017-01-21 20:20:24.794] [jointLog] [info] writing output 

[2017-01-22 18:43:15.427] [jointLog] [info] parsing read library format
[2017-01-22 18:43:15.427] [jointLog] [info] There is 1 library.
[2017-01-22 18:43:15.840] [jointLog] [info] Loading Quasi index
[2017-01-22 18:43:15.840] [jointLog] [info] Loading 32-bit quasi index
[2017-01-22 18:43:28.330] [jointLog] [info] done
[2017-01-22 18:43:28.330] [jointLog] [info] Index contained 362783 targets
[2017-01-22 18:55:09.783] [fileLog] [info] 
At end of round 0
==================
Observed 19119482 total fragments (19119482 in most recent round)

[2017-01-22 18:55:09.782] [jointLog] [info] Computed 360899 rich equivalence classes for further processing
[2017-01-22 18:55:09.782] [jointLog] [info] Counted 16302430 total reads in the equivalence classes 
[2017-01-22 18:55:09.814] [jointLog] [warning] 0.000465494% of fragments were shorter than the k used to build the index (31).
If this fraction is too large, consider re-building the index with a smaller k.
The minimum read size found was 25.


[2017-01-22 18:55:09.814] [jointLog] [info] Mapping rate = 85.2661%

[2017-01-22 18:55:09.814] [jointLog] [info] finished quantifyLibrary()
[2017-01-22 18:55:10.275] [jointLog] [info] Starting optimizer
[2017-01-22 18:55:10.823] [jointLog] [info] Marked 0 weighted equivalence classes as degenerate
[2017-01-22 18:55:10.834] [jointLog] [info] iteration = 0 | max rel diff. = 15.6471
[2017-01-22 18:55:12.215] [jointLog] [info] iteration = 100 | max rel diff. = 0.109456
[2017-01-22 18:55:13.609] [jointLog] [info] iteration = 200 | max rel diff. = 0.111335
[2017-01-22 18:55:15.007] [jointLog] [info] iteration = 300 | max rel diff. = 0.041453
[2017-01-22 18:55:16.441] [jointLog] [info] iteration = 400 | max rel diff. = 0.0285698
[2017-01-22 18:55:17.848] [jointLog] [info] iteration = 500 | max rel diff. = 0.0254938
[2017-01-22 18:55:19.246] [jointLog] [info] iteration = 600 | max rel diff. = 0.0198711
[2017-01-22 18:55:20.670] [jointLog] [info] iteration = 700 | max rel diff. = 0.0236243
[2017-01-22 18:55:22.097] [jointLog] [info] iteration = 800 | max rel diff. = 0.0171631
[2017-01-22 18:55:23.505] [jointLog] [info] iteration = 900 | max rel diff. = 0.0132735
[2017-01-22 18:55:24.880] [jointLog] [info] iteration = 1000 | max rel diff. = 0.0132735
[2017-01-22 18:55:26.225] [jointLog] [info] iteration = 1100 | max rel diff. = 0.0127079
[2017-01-22 18:55:27.587] [jointLog] [info] iteration = 1200 | max rel diff. = 0.0100639
[2017-01-22 18:55:28.980] [jointLog] [info] iteration = 1300 | max rel diff. = 0.010594
[2017-01-22 18:55:30.360] [jointLog] [info] iteration = 1400 | max rel diff. = 0.0100333
[2017-01-22 18:55:30.386] [jointLog] [info] iteration = 1403 | max rel diff. = 0.00856324
[2017-01-22 18:55:30.441] [jointLog] [info] Finished optimizer
[2017-01-22 18:55:30.441] [jointLog] [info] writing output 

