[2017-01-21 20:37:50.109] [jointLog] [info] parsing read library format
[2017-01-21 20:37:50.109] [jointLog] [info] There is 1 library.
[2017-01-21 20:37:50.354] [jointLog] [info] Loading Quasi index
[2017-01-21 20:37:50.355] [jointLog] [info] Loading 32-bit quasi index
[2017-01-21 20:38:07.144] [jointLog] [info] done
[2017-01-21 20:38:07.144] [jointLog] [info] Index contained 809060 targets
[2017-01-21 20:46:33.699] [fileLog] [info] 
At end of round 0
==================
Observed 33457773 total fragments (33457773 in most recent round)

[2017-01-21 20:46:33.698] [jointLog] [info] Computed 658392 rich equivalence classes for further processing
[2017-01-21 20:46:33.698] [jointLog] [info] Counted 25755613 total reads in the equivalence classes 
[2017-01-21 20:46:33.803] [jointLog] [warning] 0.000705367% of fragments were shorter than the k used to build the index (31).
If this fraction is too large, consider re-building the index with a smaller k.
The minimum read size found was 25.


[2017-01-21 20:46:33.803] [jointLog] [info] Mapping rate = 76.9795%

[2017-01-21 20:46:33.803] [jointLog] [info] finished quantifyLibrary()
[2017-01-21 20:46:34.307] [jointLog] [info] Starting optimizer
[2017-01-21 20:46:34.777] [jointLog] [info] Marked 0 weighted equivalence classes as degenerate
[2017-01-21 20:46:34.797] [jointLog] [info] iteration = 0 | max rel diff. = 11.1354
[2017-01-21 20:46:37.411] [jointLog] [info] iteration = 100 | max rel diff. = 0.139921
[2017-01-21 20:46:40.119] [jointLog] [info] iteration = 200 | max rel diff. = 0.0632615
[2017-01-21 20:46:42.772] [jointLog] [info] iteration = 300 | max rel diff. = 0.0410961
[2017-01-21 20:46:45.433] [jointLog] [info] iteration = 400 | max rel diff. = 0.0309454
[2017-01-21 20:46:48.095] [jointLog] [info] iteration = 500 | max rel diff. = 0.0274943
[2017-01-21 20:46:50.736] [jointLog] [info] iteration = 600 | max rel diff. = 0.0203655
[2017-01-21 20:46:53.409] [jointLog] [info] iteration = 700 | max rel diff. = 0.0163461
[2017-01-21 20:46:56.153] [jointLog] [info] iteration = 800 | max rel diff. = 0.0157566
[2017-01-21 20:46:58.787] [jointLog] [info] iteration = 900 | max rel diff. = 0.0151704
[2017-01-21 20:47:01.487] [jointLog] [info] iteration = 1000 | max rel diff. = 0.0118797
[2017-01-21 20:47:04.139] [jointLog] [info] iteration = 1100 | max rel diff. = 0.016738
[2017-01-21 20:47:06.820] [jointLog] [info] iteration = 1200 | max rel diff. = 0.016133
[2017-01-21 20:47:09.504] [jointLog] [info] iteration = 1300 | max rel diff. = 0.0123076
[2017-01-21 20:47:11.153] [jointLog] [info] iteration = 1362 | max rel diff. = 0.00974015
[2017-01-21 20:47:11.272] [jointLog] [info] Finished optimizer
[2017-01-21 20:47:11.272] [jointLog] [info] writing output 

[2017-01-23 03:02:48.155] [jointLog] [info] parsing read library format
[2017-01-23 03:02:48.155] [jointLog] [info] There is 1 library.
[2017-01-23 03:02:48.360] [jointLog] [info] Loading Quasi index
[2017-01-23 03:02:48.361] [jointLog] [info] Loading 32-bit quasi index
[2017-01-23 03:03:04.121] [jointLog] [info] done
[2017-01-23 03:03:04.121] [jointLog] [info] Index contained 809060 targets
[2017-01-23 03:14:06.090] [fileLog] [info] 
At end of round 0
==================
Observed 33457773 total fragments (33457773 in most recent round)

[2017-01-23 03:14:06.090] [jointLog] [info] Computed 658392 rich equivalence classes for further processing
[2017-01-23 03:14:06.090] [jointLog] [info] Counted 25755613 total reads in the equivalence classes 
[2017-01-23 03:14:06.198] [jointLog] [warning] 0.000705367% of fragments were shorter than the k used to build the index (31).
If this fraction is too large, consider re-building the index with a smaller k.
The minimum read size found was 25.


[2017-01-23 03:14:06.198] [jointLog] [info] Mapping rate = 76.9795%

[2017-01-23 03:14:06.198] [jointLog] [info] finished quantifyLibrary()
[2017-01-23 03:14:06.974] [jointLog] [info] Starting optimizer
[2017-01-23 03:14:07.458] [jointLog] [info] Marked 0 weighted equivalence classes as degenerate
[2017-01-23 03:14:07.479] [jointLog] [info] iteration = 0 | max rel diff. = 11.1353
[2017-01-23 03:14:10.192] [jointLog] [info] iteration = 100 | max rel diff. = 0.139766
[2017-01-23 03:14:12.967] [jointLog] [info] iteration = 200 | max rel diff. = 0.0643719
[2017-01-23 03:14:15.794] [jointLog] [info] iteration = 300 | max rel diff. = 0.0411281
[2017-01-23 03:14:18.633] [jointLog] [info] iteration = 400 | max rel diff. = 0.0304812
[2017-01-23 03:14:21.453] [jointLog] [info] iteration = 500 | max rel diff. = 0.0756585
[2017-01-23 03:14:24.235] [jointLog] [info] iteration = 600 | max rel diff. = 0.0205225
[2017-01-23 03:14:27.045] [jointLog] [info] iteration = 700 | max rel diff. = 0.0163444
[2017-01-23 03:14:29.815] [jointLog] [info] iteration = 800 | max rel diff. = 0.0151725
[2017-01-23 03:14:32.585] [jointLog] [info] iteration = 900 | max rel diff. = 0.0151725
[2017-01-23 03:14:35.398] [jointLog] [info] iteration = 1000 | max rel diff. = 0.0118799
[2017-01-23 03:14:38.214] [jointLog] [info] iteration = 1100 | max rel diff. = 0.0168106
[2017-01-23 03:14:40.983] [jointLog] [info] iteration = 1200 | max rel diff. = 0.0160012
[2017-01-23 03:14:43.789] [jointLog] [info] iteration = 1300 | max rel diff. = 0.0116626
[2017-01-23 03:14:45.487] [jointLog] [info] iteration = 1362 | max rel diff. = 0.00974535
[2017-01-23 03:14:45.615] [jointLog] [info] Finished optimizer
[2017-01-23 03:14:45.615] [jointLog] [info] writing output 

