[2017-01-21 20:12:39.523] [jointLog] [info] parsing read library format
[2017-01-21 20:12:39.523] [jointLog] [info] There is 1 library.
[2017-01-21 20:12:39.591] [jointLog] [info] Loading Quasi index
[2017-01-21 20:12:39.591] [jointLog] [info] Loading 32-bit quasi index
[2017-01-21 20:13:02.536] [jointLog] [info] done
[2017-01-21 20:13:02.536] [jointLog] [info] Index contained 668487 targets
[2017-01-21 20:19:08.902] [jointLog] [info] Computed 630229 rich equivalence classes for further processing
[2017-01-21 20:19:08.902] [jointLog] [info] Counted 14636638 total reads in the equivalence classes 
[2017-01-21 20:19:08.941] [jointLog] [warning] 0.000669176% of fragments were shorter than the k used to build the index (31).
If this fraction is too large, consider re-building the index with a smaller k.
The minimum read size found was 25.


[2017-01-21 20:19:08.941] [jointLog] [info] Mapping rate = 75.9262%

[2017-01-21 20:19:08.941] [jointLog] [info] finished quantifyLibrary()
[2017-01-21 20:19:08.903] [fileLog] [info] 
At end of round 0
==================
Observed 19277445 total fragments (19277445 in most recent round)

[2017-01-21 20:19:09.533] [jointLog] [info] Starting optimizer
[2017-01-21 20:19:10.035] [jointLog] [info] Marked 0 weighted equivalence classes as degenerate
[2017-01-21 20:19:10.056] [jointLog] [info] iteration = 0 | max rel diff. = 8.93191
[2017-01-21 20:19:12.331] [jointLog] [info] iteration = 100 | max rel diff. = 0.101769
[2017-01-21 20:19:14.613] [jointLog] [info] iteration = 200 | max rel diff. = 0.0617307
[2017-01-21 20:19:16.958] [jointLog] [info] iteration = 300 | max rel diff. = 0.0326773
[2017-01-21 20:19:19.246] [jointLog] [info] iteration = 400 | max rel diff. = 0.0458887
[2017-01-21 20:19:21.569] [jointLog] [info] iteration = 500 | max rel diff. = 0.0248171
[2017-01-21 20:19:23.831] [jointLog] [info] iteration = 600 | max rel diff. = 0.0292511
[2017-01-21 20:19:26.179] [jointLog] [info] iteration = 700 | max rel diff. = 0.0165238
[2017-01-21 20:19:28.445] [jointLog] [info] iteration = 800 | max rel diff. = 0.0142723
[2017-01-21 20:19:30.718] [jointLog] [info] iteration = 900 | max rel diff. = 0.013623
[2017-01-21 20:19:33.033] [jointLog] [info] iteration = 1000 | max rel diff. = 0.011303
[2017-01-21 20:19:35.335] [jointLog] [info] iteration = 1100 | max rel diff. = 0.0107381
[2017-01-21 20:19:37.444] [jointLog] [info] iteration = 1195 | max rel diff. = 0.00959411
[2017-01-21 20:19:37.546] [jointLog] [info] Finished optimizer
[2017-01-21 20:19:37.546] [jointLog] [info] writing output 

[2017-01-23 02:46:40.795] [jointLog] [info] parsing read library format
[2017-01-23 02:46:40.795] [jointLog] [info] There is 1 library.
[2017-01-23 02:46:40.863] [jointLog] [info] Loading Quasi index
[2017-01-23 02:46:40.864] [jointLog] [info] Loading 32-bit quasi index
[2017-01-23 02:46:58.795] [jointLog] [info] done
[2017-01-23 02:46:58.795] [jointLog] [info] Index contained 668487 targets
[2017-01-23 02:54:12.562] [jointLog] [info] Computed 630229 rich equivalence classes for further processing
[2017-01-23 02:54:12.562] [jointLog] [info] Counted 14636638 total reads in the equivalence classes 
[2017-01-23 02:54:12.597] [fileLog] [info] 
At end of round 0
==================
Observed 19277445 total fragments (19277445 in most recent round)

[2017-01-23 02:54:12.733] [jointLog] [warning] 0.000669176% of fragments were shorter than the k used to build the index (31).
If this fraction is too large, consider re-building the index with a smaller k.
The minimum read size found was 25.


[2017-01-23 02:54:12.733] [jointLog] [info] Mapping rate = 75.9262%

[2017-01-23 02:54:12.733] [jointLog] [info] finished quantifyLibrary()
[2017-01-23 02:54:13.552] [jointLog] [info] Starting optimizer
[2017-01-23 02:54:14.055] [jointLog] [info] Marked 0 weighted equivalence classes as degenerate
[2017-01-23 02:54:14.077] [jointLog] [info] iteration = 0 | max rel diff. = 8.9319
[2017-01-23 02:54:16.454] [jointLog] [info] iteration = 100 | max rel diff. = 0.101492
[2017-01-23 02:54:18.791] [jointLog] [info] iteration = 200 | max rel diff. = 0.0616982
[2017-01-23 02:54:21.181] [jointLog] [info] iteration = 300 | max rel diff. = 0.0326483
[2017-01-23 02:54:23.563] [jointLog] [info] iteration = 400 | max rel diff. = 0.0524633
[2017-01-23 02:54:25.925] [jointLog] [info] iteration = 500 | max rel diff. = 0.0261546
[2017-01-23 02:54:28.288] [jointLog] [info] iteration = 600 | max rel diff. = 0.028618
[2017-01-23 02:54:30.772] [jointLog] [info] iteration = 700 | max rel diff. = 0.0165289
[2017-01-23 02:54:33.200] [jointLog] [info] iteration = 800 | max rel diff. = 0.0142738
[2017-01-23 02:54:35.658] [jointLog] [info] iteration = 900 | max rel diff. = 0.0137108
[2017-01-23 02:54:38.044] [jointLog] [info] iteration = 1000 | max rel diff. = 0.0113032
[2017-01-23 02:54:40.484] [jointLog] [info] iteration = 1100 | max rel diff. = 0.0107385
[2017-01-23 02:54:42.735] [jointLog] [info] iteration = 1195 | max rel diff. = 0.00959641
[2017-01-23 02:54:42.834] [jointLog] [info] Finished optimizer
[2017-01-23 02:54:42.834] [jointLog] [info] writing output 

