[2017-01-21 20:12:37.451] [jointLog] [info] parsing read library format
[2017-01-21 20:12:37.451] [jointLog] [info] There is 1 library.
[2017-01-21 20:12:37.728] [jointLog] [info] Loading Quasi index
[2017-01-21 20:12:37.729] [jointLog] [info] Loading 32-bit quasi index
[2017-01-21 20:12:53.853] [jointLog] [info] done
[2017-01-21 20:12:53.853] [jointLog] [info] Index contained 520319 targets
[2017-01-21 20:20:40.151] [fileLog] [info] 
At end of round 0
==================
Observed 16846774 total fragments (16846774 in most recent round)

[2017-01-21 20:20:40.150] [jointLog] [info] Computed 347718 rich equivalence classes for further processing
[2017-01-21 20:20:40.150] [jointLog] [info] Counted 13283464 total reads in the equivalence classes 
[2017-01-21 20:20:40.210] [jointLog] [warning] 0.000771661% of fragments were shorter than the k used to build the index (31).
If this fraction is too large, consider re-building the index with a smaller k.
The minimum read size found was 25.


[2017-01-21 20:20:40.210] [jointLog] [info] Mapping rate = 78.8487%

[2017-01-21 20:20:40.210] [jointLog] [info] finished quantifyLibrary()
[2017-01-21 20:20:40.793] [jointLog] [info] Starting optimizer
[2017-01-21 20:20:41.265] [jointLog] [info] Marked 0 weighted equivalence classes as degenerate
[2017-01-21 20:20:41.279] [jointLog] [info] iteration = 0 | max rel diff. = 10.5755
[2017-01-21 20:20:42.823] [jointLog] [info] iteration = 100 | max rel diff. = 0.0971352
[2017-01-21 20:20:44.358] [jointLog] [info] iteration = 200 | max rel diff. = 0.0593034
[2017-01-21 20:20:45.930] [jointLog] [info] iteration = 300 | max rel diff. = 0.0636425
[2017-01-21 20:20:47.455] [jointLog] [info] iteration = 400 | max rel diff. = 0.0284946
[2017-01-21 20:20:48.979] [jointLog] [info] iteration = 500 | max rel diff. = 0.0213282
[2017-01-21 20:20:50.514] [jointLog] [info] iteration = 600 | max rel diff. = 0.0185119
[2017-01-21 20:20:52.054] [jointLog] [info] iteration = 700 | max rel diff. = 0.0173229
[2017-01-21 20:20:53.590] [jointLog] [info] iteration = 800 | max rel diff. = 0.0160195
[2017-01-21 20:20:55.128] [jointLog] [info] iteration = 900 | max rel diff. = 0.0125217
[2017-01-21 20:20:56.672] [jointLog] [info] iteration = 1000 | max rel diff. = 0.0113394
[2017-01-21 20:20:58.198] [jointLog] [info] iteration = 1100 | max rel diff. = 0.0104696
[2017-01-21 20:20:59.740] [jointLog] [info] iteration = 1200 | max rel diff. = 0.0111282
[2017-01-21 20:21:00.700] [jointLog] [info] iteration = 1264 | max rel diff. = 0.00879761
[2017-01-21 20:21:00.772] [jointLog] [info] Finished optimizer
[2017-01-21 20:21:00.772] [jointLog] [info] writing output 

[2017-01-22 18:46:31.758] [jointLog] [info] parsing read library format
[2017-01-22 18:46:31.758] [jointLog] [info] There is 1 library.
[2017-01-22 18:46:31.940] [jointLog] [info] Loading Quasi index
[2017-01-22 18:46:31.941] [jointLog] [info] Loading 32-bit quasi index
[2017-01-22 18:46:45.922] [jointLog] [info] done
[2017-01-22 18:46:45.922] [jointLog] [info] Index contained 520319 targets
[2017-01-22 18:56:48.911] [jointLog] [info] Computed 347718 rich equivalence classes for further processing
[2017-01-22 18:56:48.911] [jointLog] [info] Counted 13283464 total reads in the equivalence classes 
[2017-01-22 18:56:48.975] [jointLog] [warning] 0.000771661% of fragments were shorter than the k used to build the index (31).
If this fraction is too large, consider re-building the index with a smaller k.
The minimum read size found was 25.


[2017-01-22 18:56:48.975] [jointLog] [info] Mapping rate = 78.8487%

[2017-01-22 18:56:48.975] [jointLog] [info] finished quantifyLibrary()
[2017-01-22 18:56:48.912] [fileLog] [info] 
At end of round 0
==================
Observed 16846774 total fragments (16846774 in most recent round)

[2017-01-22 18:56:49.278] [jointLog] [info] Starting optimizer
[2017-01-22 18:56:49.573] [jointLog] [info] Marked 0 weighted equivalence classes as degenerate
[2017-01-22 18:56:49.585] [jointLog] [info] iteration = 0 | max rel diff. = 10.5755
[2017-01-22 18:56:51.072] [jointLog] [info] iteration = 100 | max rel diff. = 0.0971156
[2017-01-22 18:56:52.587] [jointLog] [info] iteration = 200 | max rel diff. = 0.0595837
[2017-01-22 18:56:54.099] [jointLog] [info] iteration = 300 | max rel diff. = 0.0634752
[2017-01-22 18:56:55.625] [jointLog] [info] iteration = 400 | max rel diff. = 0.0284959
[2017-01-22 18:56:57.143] [jointLog] [info] iteration = 500 | max rel diff. = 0.0212745
[2017-01-22 18:56:58.632] [jointLog] [info] iteration = 600 | max rel diff. = 0.0185128
[2017-01-22 18:57:00.125] [jointLog] [info] iteration = 700 | max rel diff. = 0.0172821
[2017-01-22 18:57:01.635] [jointLog] [info] iteration = 800 | max rel diff. = 0.0160232
[2017-01-22 18:57:03.135] [jointLog] [info] iteration = 900 | max rel diff. = 0.0143867
[2017-01-22 18:57:04.620] [jointLog] [info] iteration = 1000 | max rel diff. = 0.0109882
[2017-01-22 18:57:06.133] [jointLog] [info] iteration = 1100 | max rel diff. = 0.0104369
[2017-01-22 18:57:07.641] [jointLog] [info] iteration = 1200 | max rel diff. = 0.0111023
[2017-01-22 18:57:08.579] [jointLog] [info] iteration = 1264 | max rel diff. = 0.00879996
[2017-01-22 18:57:08.639] [jointLog] [info] Finished optimizer
[2017-01-22 18:57:08.639] [jointLog] [info] writing output 

