[2017-01-21 20:18:59.193] [jointLog] [info] parsing read library format
[2017-01-21 20:18:59.194] [jointLog] [info] There is 1 library.
[2017-01-21 20:18:59.254] [jointLog] [info] Loading Quasi index
[2017-01-21 20:18:59.254] [jointLog] [info] Loading 32-bit quasi index
[2017-01-21 20:19:11.573] [jointLog] [info] done
[2017-01-21 20:19:11.573] [jointLog] [info] Index contained 350265 targets
[2017-01-21 20:21:02.784] [fileLog] [info] 
At end of round 0
==================
Observed 8855149 total fragments (8855149 in most recent round)

[2017-01-21 20:21:02.783] [jointLog] [info] Computed 271169 rich equivalence classes for further processing
[2017-01-21 20:21:02.783] [jointLog] [info] Counted 7432154 total reads in the equivalence classes 
[2017-01-21 20:21:02.811] [jointLog] [warning] 0.000846965% of fragments were shorter than the k used to build the index (31).
If this fraction is too large, consider re-building the index with a smaller k.
The minimum read size found was 25.


[2017-01-21 20:21:02.811] [jointLog] [info] Mapping rate = 83.9303%

[2017-01-21 20:21:02.811] [jointLog] [info] finished quantifyLibrary()
[2017-01-21 20:21:03.405] [jointLog] [info] Starting optimizer
[2017-01-21 20:21:03.610] [jointLog] [info] Marked 0 weighted equivalence classes as degenerate
[2017-01-21 20:21:03.619] [jointLog] [info] iteration = 0 | max rel diff. = 8.66605
[2017-01-21 20:21:04.804] [jointLog] [info] iteration = 100 | max rel diff. = 0.161808
[2017-01-21 20:21:05.987] [jointLog] [info] iteration = 200 | max rel diff. = 0.0620901
[2017-01-21 20:21:07.222] [jointLog] [info] iteration = 300 | max rel diff. = 0.0408591
[2017-01-21 20:21:08.484] [jointLog] [info] iteration = 400 | max rel diff. = 0.0339862
[2017-01-21 20:21:09.681] [jointLog] [info] iteration = 500 | max rel diff. = 0.025325
[2017-01-21 20:21:10.907] [jointLog] [info] iteration = 600 | max rel diff. = 0.0290438
[2017-01-21 20:21:12.124] [jointLog] [info] iteration = 700 | max rel diff. = 0.0261833
[2017-01-21 20:21:13.333] [jointLog] [info] iteration = 800 | max rel diff. = 0.0190744
[2017-01-21 20:21:14.530] [jointLog] [info] iteration = 900 | max rel diff. = 0.0158359
[2017-01-21 20:21:15.723] [jointLog] [info] iteration = 1000 | max rel diff. = 0.0127902
[2017-01-21 20:21:16.905] [jointLog] [info] iteration = 1100 | max rel diff. = 0.0142752
[2017-01-21 20:21:18.140] [jointLog] [info] iteration = 1200 | max rel diff. = 0.010661
[2017-01-21 20:21:18.909] [jointLog] [info] iteration = 1265 | max rel diff. = 0.00989965
[2017-01-21 20:21:18.952] [jointLog] [info] Finished optimizer
[2017-01-21 20:21:18.952] [jointLog] [info] writing output 

[2017-01-23 02:56:02.220] [jointLog] [info] parsing read library format
[2017-01-23 02:56:02.220] [jointLog] [info] There is 1 library.
[2017-01-23 02:56:02.501] [jointLog] [info] Loading Quasi index
[2017-01-23 02:56:02.502] [jointLog] [info] Loading 32-bit quasi index
[2017-01-23 02:56:14.801] [jointLog] [info] done
[2017-01-23 02:56:14.801] [jointLog] [info] Index contained 350265 targets
[2017-01-23 02:59:32.065] [jointLog] [info] Computed 271169 rich equivalence classes for further processing
[2017-01-23 02:59:32.065] [jointLog] [info] Counted 7432154 total reads in the equivalence classes 
[2017-01-23 02:59:32.091] [jointLog] [warning] 0.000846965% of fragments were shorter than the k used to build the index (31).
If this fraction is too large, consider re-building the index with a smaller k.
The minimum read size found was 25.


[2017-01-23 02:59:32.091] [jointLog] [info] Mapping rate = 83.9303%

[2017-01-23 02:59:32.091] [jointLog] [info] finished quantifyLibrary()
[2017-01-23 02:59:32.065] [fileLog] [info] 
At end of round 0
==================
Observed 8855149 total fragments (8855149 in most recent round)

[2017-01-23 02:59:32.475] [jointLog] [info] Starting optimizer
[2017-01-23 02:59:32.774] [jointLog] [info] Marked 0 weighted equivalence classes as degenerate
[2017-01-23 02:59:32.812] [jointLog] [info] iteration = 0 | max rel diff. = 8.66604
[2017-01-23 02:59:33.960] [jointLog] [info] iteration = 100 | max rel diff. = 0.163116
[2017-01-23 02:59:35.116] [jointLog] [info] iteration = 200 | max rel diff. = 0.0631915
[2017-01-23 02:59:36.281] [jointLog] [info] iteration = 300 | max rel diff. = 0.0408661
[2017-01-23 02:59:37.443] [jointLog] [info] iteration = 400 | max rel diff. = 0.0339948
[2017-01-23 02:59:38.591] [jointLog] [info] iteration = 500 | max rel diff. = 0.0242227
[2017-01-23 02:59:39.767] [jointLog] [info] iteration = 600 | max rel diff. = 0.0282219
[2017-01-23 02:59:40.936] [jointLog] [info] iteration = 700 | max rel diff. = 0.0261803
[2017-01-23 02:59:42.101] [jointLog] [info] iteration = 800 | max rel diff. = 0.0190773
[2017-01-23 02:59:43.260] [jointLog] [info] iteration = 900 | max rel diff. = 0.0158192
[2017-01-23 02:59:44.420] [jointLog] [info] iteration = 1000 | max rel diff. = 0.0123369
[2017-01-23 02:59:45.591] [jointLog] [info] iteration = 1100 | max rel diff. = 0.0142855
[2017-01-23 02:59:46.762] [jointLog] [info] iteration = 1200 | max rel diff. = 0.0106615
[2017-01-23 02:59:47.516] [jointLog] [info] iteration = 1264 | max rel diff. = 0.0099001
[2017-01-23 02:59:47.557] [jointLog] [info] Finished optimizer
[2017-01-23 02:59:47.557] [jointLog] [info] writing output 

