[2017-01-21 21:00:06.766] [jointLog] [info] parsing read library format
[2017-01-21 21:00:06.766] [jointLog] [info] There is 1 library.
[2017-01-21 21:00:06.835] [jointLog] [info] Loading Quasi index
[2017-01-21 21:00:06.835] [jointLog] [info] Loading 32-bit quasi index
[2017-01-21 21:00:22.407] [jointLog] [info] done
[2017-01-21 21:00:22.407] [jointLog] [info] Index contained 809060 targets
[2017-01-21 21:02:37.997] [jointLog] [info] Computed 505346 rich equivalence classes for further processing
[2017-01-21 21:02:37.997] [jointLog] [info] Counted 12837628 total reads in the equivalence classes 
[2017-01-21 21:02:38.058] [jointLog] [warning] 0.000255198% of fragments were shorter than the k used to build the index (31).
If this fraction is too large, consider re-building the index with a smaller k.
The minimum read size found was 25.


[2017-01-21 21:02:38.058] [jointLog] [info] Mapping rate = 79.9057%

[2017-01-21 21:02:38.058] [jointLog] [info] finished quantifyLibrary()
[2017-01-21 21:02:37.997] [fileLog] [info] 
At end of round 0
==================
Observed 16065981 total fragments (16065981 in most recent round)

[2017-01-21 21:02:38.507] [jointLog] [info] Starting optimizer
[2017-01-21 21:02:38.953] [jointLog] [info] Marked 0 weighted equivalence classes as degenerate
[2017-01-21 21:02:38.972] [jointLog] [info] iteration = 0 | max rel diff. = 7.55589
[2017-01-21 21:02:41.310] [jointLog] [info] iteration = 100 | max rel diff. = 0.102402
[2017-01-21 21:02:43.686] [jointLog] [info] iteration = 200 | max rel diff. = 0.0564186
[2017-01-21 21:02:46.060] [jointLog] [info] iteration = 300 | max rel diff. = 0.0404696
[2017-01-21 21:02:48.445] [jointLog] [info] iteration = 400 | max rel diff. = 0.0318086
[2017-01-21 21:02:50.806] [jointLog] [info] iteration = 500 | max rel diff. = 0.0240971
[2017-01-21 21:02:53.124] [jointLog] [info] iteration = 600 | max rel diff. = 0.0202037
[2017-01-21 21:02:55.446] [jointLog] [info] iteration = 700 | max rel diff. = 0.0182544
[2017-01-21 21:02:57.796] [jointLog] [info] iteration = 800 | max rel diff. = 0.0157517
[2017-01-21 21:03:00.129] [jointLog] [info] iteration = 900 | max rel diff. = 0.0142982
[2017-01-21 21:03:02.458] [jointLog] [info] iteration = 1000 | max rel diff. = 0.0122791
[2017-01-21 21:03:04.774] [jointLog] [info] iteration = 1100 | max rel diff. = 0.0119332
[2017-01-21 21:03:07.195] [jointLog] [info] iteration = 1200 | max rel diff. = 0.0228225
[2017-01-21 21:03:09.597] [jointLog] [info] iteration = 1300 | max rel diff. = 0.0105951
[2017-01-21 21:03:09.802] [jointLog] [info] iteration = 1309 | max rel diff. = 0.00998942
[2017-01-21 21:03:09.901] [jointLog] [info] Finished optimizer
[2017-01-21 21:03:09.901] [jointLog] [info] writing output 

[2017-01-23 03:29:43.882] [jointLog] [info] parsing read library format
[2017-01-23 03:29:43.882] [jointLog] [info] There is 1 library.
[2017-01-23 03:29:43.941] [jointLog] [info] Loading Quasi index
[2017-01-23 03:29:43.942] [jointLog] [info] Loading 32-bit quasi index
[2017-01-23 03:29:59.981] [jointLog] [info] done
[2017-01-23 03:29:59.981] [jointLog] [info] Index contained 809060 targets
[2017-01-23 03:32:25.067] [fileLog] [info] 
At end of round 0
==================
Observed 16065981 total fragments (16065981 in most recent round)

[2017-01-23 03:32:25.066] [jointLog] [info] Computed 505346 rich equivalence classes for further processing
[2017-01-23 03:32:25.066] [jointLog] [info] Counted 12837628 total reads in the equivalence classes 
[2017-01-23 03:32:25.129] [jointLog] [warning] 0.000255198% of fragments were shorter than the k used to build the index (31).
If this fraction is too large, consider re-building the index with a smaller k.
The minimum read size found was 25.


[2017-01-23 03:32:25.129] [jointLog] [info] Mapping rate = 79.9057%

[2017-01-23 03:32:25.129] [jointLog] [info] finished quantifyLibrary()
[2017-01-23 03:32:25.574] [jointLog] [info] Starting optimizer
[2017-01-23 03:32:26.041] [jointLog] [info] Marked 0 weighted equivalence classes as degenerate
[2017-01-23 03:32:26.063] [jointLog] [info] iteration = 0 | max rel diff. = 7.55587
[2017-01-23 03:32:28.663] [jointLog] [info] iteration = 100 | max rel diff. = 0.102032
[2017-01-23 03:32:31.333] [jointLog] [info] iteration = 200 | max rel diff. = 0.0563542
[2017-01-23 03:32:33.957] [jointLog] [info] iteration = 300 | max rel diff. = 0.040419
[2017-01-23 03:32:36.568] [jointLog] [info] iteration = 400 | max rel diff. = 0.0307767
[2017-01-23 03:32:39.163] [jointLog] [info] iteration = 500 | max rel diff. = 0.0241105
[2017-01-23 03:32:41.829] [jointLog] [info] iteration = 600 | max rel diff. = 0.020206
[2017-01-23 03:32:44.425] [jointLog] [info] iteration = 700 | max rel diff. = 0.018264
[2017-01-23 03:32:47.028] [jointLog] [info] iteration = 800 | max rel diff. = 0.0157489
[2017-01-23 03:32:49.633] [jointLog] [info] iteration = 900 | max rel diff. = 0.0143049
[2017-01-23 03:32:52.242] [jointLog] [info] iteration = 1000 | max rel diff. = 0.0122857
[2017-01-23 03:32:54.843] [jointLog] [info] iteration = 1100 | max rel diff. = 0.0207418
[2017-01-23 03:32:57.432] [jointLog] [info] iteration = 1200 | max rel diff. = 0.0102544
[2017-01-23 03:32:59.847] [jointLog] [info] iteration = 1295 | max rel diff. = 0.00998339
[2017-01-23 03:32:59.953] [jointLog] [info] Finished optimizer
[2017-01-23 03:32:59.953] [jointLog] [info] writing output 

