[2017-01-21 20:36:00.759] [jointLog] [info] parsing read library format
[2017-01-21 20:36:00.759] [jointLog] [info] There is 1 library.
[2017-01-21 20:36:00.838] [jointLog] [info] Loading Quasi index
[2017-01-21 20:36:00.839] [jointLog] [info] Loading 32-bit quasi index
[2017-01-21 20:36:13.635] [jointLog] [info] done
[2017-01-21 20:36:13.635] [jointLog] [info] Index contained 416299 targets
[2017-01-21 20:41:21.790] [fileLog] [info] 
At end of round 0
==================
Observed 18507786 total fragments (18507786 in most recent round)

[2017-01-21 20:41:21.789] [jointLog] [info] Computed 359711 rich equivalence classes for further processing
[2017-01-21 20:41:21.789] [jointLog] [info] Counted 15821987 total reads in the equivalence classes 
[2017-01-21 20:41:21.935] [jointLog] [warning] 0.000675391% of fragments were shorter than the k used to build the index (31).
If this fraction is too large, consider re-building the index with a smaller k.
The minimum read size found was 25.


[2017-01-21 20:41:21.935] [jointLog] [info] Mapping rate = 85.4883%

[2017-01-21 20:41:21.935] [jointLog] [info] finished quantifyLibrary()
[2017-01-21 20:41:22.239] [jointLog] [info] Starting optimizer
[2017-01-21 20:41:22.575] [jointLog] [info] Marked 0 weighted equivalence classes as degenerate
[2017-01-21 20:41:22.587] [jointLog] [info] iteration = 0 | max rel diff. = 12.8033
[2017-01-21 20:41:24.062] [jointLog] [info] iteration = 100 | max rel diff. = 0.235412
[2017-01-21 20:41:25.586] [jointLog] [info] iteration = 200 | max rel diff. = 0.0693723
[2017-01-21 20:41:27.075] [jointLog] [info] iteration = 300 | max rel diff. = 0.0464177
[2017-01-21 20:41:28.577] [jointLog] [info] iteration = 400 | max rel diff. = 0.0342722
[2017-01-21 20:41:30.062] [jointLog] [info] iteration = 500 | max rel diff. = 0.0327958
[2017-01-21 20:41:31.551] [jointLog] [info] iteration = 600 | max rel diff. = 0.0226128
[2017-01-21 20:41:33.047] [jointLog] [info] iteration = 700 | max rel diff. = 0.0194148
[2017-01-21 20:41:34.532] [jointLog] [info] iteration = 800 | max rel diff. = 0.0177249
[2017-01-21 20:41:36.029] [jointLog] [info] iteration = 900 | max rel diff. = 0.0145067
[2017-01-21 20:41:37.533] [jointLog] [info] iteration = 1000 | max rel diff. = 0.0145869
[2017-01-21 20:41:39.029] [jointLog] [info] iteration = 1100 | max rel diff. = 0.0180239
[2017-01-21 20:41:40.534] [jointLog] [info] iteration = 1200 | max rel diff. = 0.0168854
[2017-01-21 20:41:42.017] [jointLog] [info] iteration = 1300 | max rel diff. = 0.0136234
[2017-01-21 20:41:43.508] [jointLog] [info] iteration = 1400 | max rel diff. = 0.042049
[2017-01-21 20:41:43.893] [jointLog] [info] iteration = 1427 | max rel diff. = 0.00979668
[2017-01-21 20:41:43.947] [jointLog] [info] Finished optimizer
[2017-01-21 20:41:43.947] [jointLog] [info] writing output 

[2017-01-23 03:00:04.448] [jointLog] [info] parsing read library format
[2017-01-23 03:00:04.448] [jointLog] [info] There is 1 library.
[2017-01-23 03:00:04.507] [jointLog] [info] Loading Quasi index
[2017-01-23 03:00:04.507] [jointLog] [info] Loading 32-bit quasi index
[2017-01-23 03:00:17.800] [jointLog] [info] done
[2017-01-23 03:00:17.800] [jointLog] [info] Index contained 416299 targets
[2017-01-23 03:05:16.841] [fileLog] [info] 
At end of round 0
==================
Observed 18507786 total fragments (18507786 in most recent round)

[2017-01-23 03:05:16.841] [jointLog] [info] Computed 359711 rich equivalence classes for further processing
[2017-01-23 03:05:16.841] [jointLog] [info] Counted 15821987 total reads in the equivalence classes 
[2017-01-23 03:05:16.987] [jointLog] [warning] 0.000675391% of fragments were shorter than the k used to build the index (31).
If this fraction is too large, consider re-building the index with a smaller k.
The minimum read size found was 25.


[2017-01-23 03:05:16.987] [jointLog] [info] Mapping rate = 85.4883%

[2017-01-23 03:05:16.987] [jointLog] [info] finished quantifyLibrary()
[2017-01-23 03:05:17.271] [jointLog] [info] Starting optimizer
[2017-01-23 03:05:17.547] [jointLog] [info] Marked 0 weighted equivalence classes as degenerate
[2017-01-23 03:05:17.559] [jointLog] [info] iteration = 0 | max rel diff. = 12.8033
[2017-01-23 03:05:19.073] [jointLog] [info] iteration = 100 | max rel diff. = 0.233472
[2017-01-23 03:05:20.615] [jointLog] [info] iteration = 200 | max rel diff. = 0.0694005
[2017-01-23 03:05:22.165] [jointLog] [info] iteration = 300 | max rel diff. = 0.0460327
[2017-01-23 03:05:23.716] [jointLog] [info] iteration = 400 | max rel diff. = 0.0342769
[2017-01-23 03:05:25.266] [jointLog] [info] iteration = 500 | max rel diff. = 0.032037
[2017-01-23 03:05:26.796] [jointLog] [info] iteration = 600 | max rel diff. = 0.0226111
[2017-01-23 03:05:28.350] [jointLog] [info] iteration = 700 | max rel diff. = 0.0194151
[2017-01-23 03:05:29.930] [jointLog] [info] iteration = 800 | max rel diff. = 0.0177171
[2017-01-23 03:05:31.461] [jointLog] [info] iteration = 900 | max rel diff. = 0.0145007
[2017-01-23 03:05:33.049] [jointLog] [info] iteration = 1000 | max rel diff. = 0.0144736
[2017-01-23 03:05:34.582] [jointLog] [info] iteration = 1100 | max rel diff. = 0.0179293
[2017-01-23 03:05:36.113] [jointLog] [info] iteration = 1200 | max rel diff. = 0.0164588
[2017-01-23 03:05:37.665] [jointLog] [info] iteration = 1300 | max rel diff. = 0.0132985
[2017-01-23 03:05:39.193] [jointLog] [info] iteration = 1400 | max rel diff. = 0.0137363
[2017-01-23 03:05:39.284] [jointLog] [info] iteration = 1407 | max rel diff. = 0.00998056
[2017-01-23 03:05:39.335] [jointLog] [info] Finished optimizer
[2017-01-23 03:05:39.335] [jointLog] [info] writing output 

