[2017-01-21 20:11:59.497] [jointLog] [info] parsing read library format
[2017-01-21 20:11:59.497] [jointLog] [info] There is 1 library.
[2017-01-21 20:11:59.558] [jointLog] [info] Loading Quasi index
[2017-01-21 20:11:59.559] [jointLog] [info] Loading 32-bit quasi index
[2017-01-21 20:12:11.759] [jointLog] [info] done
[2017-01-21 20:12:11.759] [jointLog] [info] Index contained 352346 targets
[2017-01-21 20:16:36.052] [jointLog] [info] Computed 313134 rich equivalence classes for further processing
[2017-01-21 20:16:36.053] [fileLog] [info] 
At end of round 0
==================
Observed 18160177 total fragments (18160177 in most recent round)

[2017-01-21 20:16:36.052] [jointLog] [info] Counted 16054657 total reads in the equivalence classes 
[2017-01-21 20:16:36.729] [jointLog] [warning] 0.000462551% of fragments were shorter than the k used to build the index (31).
If this fraction is too large, consider re-building the index with a smaller k.
The minimum read size found was 25.


[2017-01-21 20:16:36.729] [jointLog] [info] Mapping rate = 88.4058%

[2017-01-21 20:16:36.729] [jointLog] [info] finished quantifyLibrary()
[2017-01-21 20:16:37.056] [jointLog] [info] Starting optimizer
[2017-01-21 20:16:37.264] [jointLog] [info] Marked 0 weighted equivalence classes as degenerate
[2017-01-21 20:16:37.273] [jointLog] [info] iteration = 0 | max rel diff. = 13.37
[2017-01-21 20:16:38.452] [jointLog] [info] iteration = 100 | max rel diff. = 0.198411
[2017-01-21 20:16:39.654] [jointLog] [info] iteration = 200 | max rel diff. = 0.0568073
[2017-01-21 20:16:40.824] [jointLog] [info] iteration = 300 | max rel diff. = 0.0399792
[2017-01-21 20:16:41.988] [jointLog] [info] iteration = 400 | max rel diff. = 0.0318994
[2017-01-21 20:16:43.170] [jointLog] [info] iteration = 500 | max rel diff. = 0.0297994
[2017-01-21 20:16:44.375] [jointLog] [info] iteration = 600 | max rel diff. = 0.0262535
[2017-01-21 20:16:45.586] [jointLog] [info] iteration = 700 | max rel diff. = 0.0266513
[2017-01-21 20:16:46.739] [jointLog] [info] iteration = 800 | max rel diff. = 0.021195
[2017-01-21 20:16:47.924] [jointLog] [info] iteration = 900 | max rel diff. = 0.0162142
[2017-01-21 20:16:49.132] [jointLog] [info] iteration = 1000 | max rel diff. = 0.0398858
[2017-01-21 20:16:50.303] [jointLog] [info] iteration = 1100 | max rel diff. = 0.0121217
[2017-01-21 20:16:51.486] [jointLog] [info] iteration = 1200 | max rel diff. = 0.0113107
[2017-01-21 20:16:52.641] [jointLog] [info] iteration = 1300 | max rel diff. = 0.0119574
[2017-01-21 20:16:53.819] [jointLog] [info] iteration = 1400 | max rel diff. = 0.0129941
[2017-01-21 20:16:55.007] [jointLog] [info] iteration = 1500 | max rel diff. = 0.0106464
[2017-01-21 20:16:55.678] [jointLog] [info] iteration = 1558 | max rel diff. = 0.00899271
[2017-01-21 20:16:55.721] [jointLog] [info] Finished optimizer
[2017-01-21 20:16:55.721] [jointLog] [info] writing output 

[2017-01-23 02:45:54.341] [jointLog] [info] parsing read library format
[2017-01-23 02:45:54.341] [jointLog] [info] There is 1 library.
[2017-01-23 02:45:54.705] [jointLog] [info] Loading Quasi index
[2017-01-23 02:45:54.706] [jointLog] [info] Loading 32-bit quasi index
[2017-01-23 02:46:07.111] [jointLog] [info] done
[2017-01-23 02:46:07.111] [jointLog] [info] Index contained 352346 targets
[2017-01-23 02:51:32.724] [fileLog] [info] 
At end of round 0
==================
Observed 18160177 total fragments (18160177 in most recent round)

[2017-01-23 02:51:32.723] [jointLog] [info] Computed 313134 rich equivalence classes for further processing
[2017-01-23 02:51:32.723] [jointLog] [info] Counted 16054657 total reads in the equivalence classes 
[2017-01-23 02:51:32.774] [jointLog] [warning] 0.000462551% of fragments were shorter than the k used to build the index (31).
If this fraction is too large, consider re-building the index with a smaller k.
The minimum read size found was 25.


[2017-01-23 02:51:32.774] [jointLog] [info] Mapping rate = 88.4058%

[2017-01-23 02:51:32.774] [jointLog] [info] finished quantifyLibrary()
[2017-01-23 02:51:33.151] [jointLog] [info] Starting optimizer
[2017-01-23 02:51:33.354] [jointLog] [info] Marked 0 weighted equivalence classes as degenerate
[2017-01-23 02:51:33.363] [jointLog] [info] iteration = 0 | max rel diff. = 13.37
[2017-01-23 02:51:34.543] [jointLog] [info] iteration = 100 | max rel diff. = 0.197783
[2017-01-23 02:51:35.720] [jointLog] [info] iteration = 200 | max rel diff. = 0.0570065
[2017-01-23 02:51:36.918] [jointLog] [info] iteration = 300 | max rel diff. = 0.0398869
[2017-01-23 02:51:38.139] [jointLog] [info] iteration = 400 | max rel diff. = 0.031923
[2017-01-23 02:51:39.350] [jointLog] [info] iteration = 500 | max rel diff. = 0.0282097
[2017-01-23 02:51:40.541] [jointLog] [info] iteration = 600 | max rel diff. = 0.0262149
[2017-01-23 02:51:41.753] [jointLog] [info] iteration = 700 | max rel diff. = 0.0265898
[2017-01-23 02:51:42.948] [jointLog] [info] iteration = 800 | max rel diff. = 0.0220315
[2017-01-23 02:51:44.145] [jointLog] [info] iteration = 900 | max rel diff. = 0.0162264
[2017-01-23 02:51:45.332] [jointLog] [info] iteration = 1000 | max rel diff. = 0.0383177
[2017-01-23 02:51:46.518] [jointLog] [info] iteration = 1100 | max rel diff. = 0.012119
[2017-01-23 02:51:47.700] [jointLog] [info] iteration = 1200 | max rel diff. = 0.011311
[2017-01-23 02:51:48.918] [jointLog] [info] iteration = 1300 | max rel diff. = 0.0119496
[2017-01-23 02:51:50.120] [jointLog] [info] iteration = 1400 | max rel diff. = 0.0129855
[2017-01-23 02:51:51.292] [jointLog] [info] iteration = 1500 | max rel diff. = 0.0106565
[2017-01-23 02:51:51.935] [jointLog] [info] iteration = 1556 | max rel diff. = 0.00895116
[2017-01-23 02:51:51.982] [jointLog] [info] Finished optimizer
[2017-01-23 02:51:51.982] [jointLog] [info] writing output 

